<?xml version="1.0" encoding="UTF-8"?>
<!-- Generated by org.testng.reporters.JUnitReportReporter -->
<testsuite hostname="SaiSowmya" failures="0" tests="2" name="testcases.logintestcase" time="18.561" errors="0" timestamp="2025-04-18T22:24:15 IST" skipped="0">
  <testcase classname="testcases.logintestcase" name="m1" time="10.155"/>
  <testcase classname="testcases.logintestcase" name="m2" time="8.406"/>
</testsuite> <!-- testcases.logintestcase -->
