<?xml version="1.0" encoding="UTF-8"?>
<!-- Generated by org.testng.reporters.JUnitReportReporter -->
<testsuite hostname="SaiSowmya" failures="0" tests="1" name="testcases.productcreate" time="19.708" errors="0" timestamp="2025-04-16T23:37:03 IST" skipped="0">
  <testcase classname="testcases.productcreate" name="createproduct" time="19.708"/>
</testsuite> <!-- testcases.productcreate -->
