<?xml version="1.0" encoding="UTF-8"?>
<!-- Generated by org.testng.reporters.JUnitReportReporter -->
<testsuite hostname="SaiSowmya" failures="0" tests="1" name="testcases.campaigncreateTest" time="24.567" errors="0" timestamp="2025-04-21T15:24:55 IST" skipped="0">
  <testcase classname="testcases.campaigncreateTest" name="campaigncreate" time="24.567"/>
</testsuite> <!-- testcases.campaigncreateTest -->
